<?xml version="1.0" encoding="UTF-8"?>
<testng-results skipped="0" failed="0" ignored="0" total="1" passed="1">
  <reporter-output>
  </reporter-output>
  <suite name="Default suite" duration-ms="92515" started-at="2018-08-07T07:57:26Z" finished-at="2018-08-07T07:58:59Z">
    <groups>
    </groups>
    <test name="Default test" duration-ms="92515" started-at="2018-08-07T07:57:26Z" finished-at="2018-08-07T07:58:59Z">
      <class name="com.gmail.Test1">
        <test-method status="PASS" signature="setup()[pri:0, instance:com.gmail.Test1@e320068]" name="setup" is-config="true" duration-ms="10910" started-at="2018-08-07T13:27:26Z" finished-at="2018-08-07T13:27:37Z">
          <reporter-output>
          </reporter-output>
        </test-method> <!-- setup -->
        <test-method status="PASS" signature="login()[pri:0, instance:com.gmail.Test1@e320068]" name="login" duration-ms="81452" started-at="2018-08-07T13:27:37Z" finished-at="2018-08-07T13:28:59Z">
          <reporter-output>
          </reporter-output>
        </test-method> <!-- login -->
      </class> <!-- com.gmail.Test1 -->
    </test> <!-- Default test -->
  </suite> <!-- Default suite -->
</testng-results>
